[debug] [2023-08-16T21:30:37.542Z] ----------------------------------------------------------------------
[debug] [2023-08-16T21:30:37.544Z] Command:       C:\Program Files\nodejs\node.exe C:\Users\jalla\AppData\Roaming\npm\node_modules\firebase-tools\lib\bin\firebase.js init
[debug] [2023-08-16T21:30:37.545Z] CLI Version:   12.4.8
[debug] [2023-08-16T21:30:37.545Z] Platform:      win32
[debug] [2023-08-16T21:30:37.545Z] Node Version:  v18.12.0
[debug] [2023-08-16T21:30:37.546Z] Time:          Wed Aug 16 2023 17:30:37 GMT-0400 (Eastern Daylight Time)
[debug] [2023-08-16T21:30:37.546Z] ----------------------------------------------------------------------
[debug] 
[debug] [2023-08-16T21:30:37.630Z] > command requires scopes: ["email","openid","https://www.googleapis.com/auth/cloudplatformprojects.readonly","https://www.googleapis.com/auth/firebase","https://www.googleapis.com/auth/cloud-platform"]
[debug] [2023-08-16T21:30:37.630Z] > authorizing via signed-in user (jallan8210@gmail.com)
[info] 
     ######## #### ########  ######## ########     ###     ######  ########
     ##        ##  ##     ## ##       ##     ##  ##   ##  ##       ##
     ######    ##  ########  ######   ########  #########  ######  ######
     ##        ##  ##    ##  ##       ##     ## ##     ##       ## ##
     ##       #### ##     ## ######## ########  ##     ##  ######  ########

You're about to initialize a Firebase project in this directory:

  E:\Google Drive\Code Shit\arcana-directory\arcana

Before we get started, keep in mind:

  * You are initializing within an existing Firebase project directory

